  GameViewModel.cpp
h:\ittest\src\viewmodel\gameviewmodel.cpp(1): fatal error C1083: No se puede abrir el archivo incluir: 'Viewmodel\GameViewModel.h': No such file or directory
  Window.cpp
h:\ittest\src\renderer\window.cpp(1): fatal error C1083: No se puede abrir el archivo incluir: 'Renderer\Window.h': No such file or directory
  playstate.cpp
h:\ittest\src\renderer\gamefsm\playstate.cpp(3): fatal error C1083: No se puede abrir el archivo incluir: 'Renderer\GameFSM\playstate.h': No such file or directory
  menustate.cpp
h:\ittest\src\renderer\gamefsm\menustate.cpp(2): fatal error C1083: No se puede abrir el archivo incluir: 'Renderer\GameFSM\menustate.h': No such file or directory
  introstate.cpp
h:\ittest\src\renderer\gamefsm\introstate.cpp(1): fatal error C1083: No se puede abrir el archivo incluir: 'Renderer\GameFSM\introstate.h': No such file or directory
  GameStatesManager.cpp
h:\ittest\src\renderer\gamefsm\gamestatesmanager.cpp(1): fatal error C1083: No se puede abrir el archivo incluir: 'Renderer\GameFSM\GameStatesManager.h': No such file or directory
  D2DRenderer.cpp
h:\ittest\src\renderer\d2drenderer.cpp(9): fatal error C1083: No se puede abrir el archivo incluir: 'Renderer\D2DRenderer.h': No such file or directory
  D2DHelper.cpp
h:\ittest\src\renderer\d2dhelper.cpp(1): fatal error C1083: No se puede abrir el archivo incluir: 'Renderer\D2DHelper.h': No such file or directory
  GameWorld.cpp
h:\ittest\src\gameworld.cpp(4): fatal error C1083: No se puede abrir el archivo incluir: 'GameWorld.h': No such file or directory
  TeamObject.cpp
h:\ittest\src\gameobjects\teamobject.cpp(1): fatal error C1083: No se puede abrir el archivo incluir: 'GameObjects/TeamObject.h': No such file or directory
  ObjectManager.cpp
h:\ittest\src\gameobjects\objectmanager.cpp(4): fatal error C1083: No se puede abrir el archivo incluir: 'GameObjects\ObjectManager.h': No such file or directory
  StartPosition.cpp
h:\ittest\src\gameobjects\gameactors\startposition.cpp(1): fatal error C1083: No se puede abrir el archivo incluir: 'GameObjects\GameActors\StartPosition.h': No such file or directory
  GameObject.cpp
h:\ittest\src\gameobjects\gameactors\gameobject.cpp(1): fatal error C1083: No se puede abrir el archivo incluir: 'GameObjects\GameActors\GameObject.h': No such file or directory
  Lion.cpp
h:\ittest\src\gameobjects\gameactors\characters\lion.cpp(1): fatal error C1083: No se puede abrir el archivo incluir: 'GameObjects\GameActors\Characters\Lion.h': No such file or directory
  IdleState.cpp
h:\ittest\src\gameobjects\gameactors\characters\characterfsm\idlestate.cpp(1): fatal error C1083: No se puede abrir el archivo incluir: 'GameObjects\GameActors\Characters\CharacterFSM\IdleState.h': No such file or directory
  Brain.cpp
h:\ittest\src\gameobjects\gameactors\characters\characterfsm\brain.cpp(1): fatal error C1083: No se puede abrir el archivo incluir: 'GameObjects\GameActors\Characters\CharacterFSM\Brain.h': No such file or directory
  AttackState.cpp
h:\ittest\src\gameobjects\gameactors\characters\characterfsm\attackstate.cpp(2): fatal error C1083: No se puede abrir el archivo incluir: 'GameObjects\GameActors\Characters\CharacterFSM\AttackState.h': No such file or directory
  Character.cpp
h:\ittest\src\gameobjects\gameactors\characters\character.cpp(1): fatal error C1083: No se puede abrir el archivo incluir: 'GameObjects\GameActors\Characters\Character.h': No such file or directory
  Boid.cpp
h:\ittest\src\gameobjects\gameactors\characters\boid.cpp(3): fatal error C1083: No se puede abrir el archivo incluir: 'GameObjects\GameActors\Characters\Boid.h': No such file or directory
  Antelope.cpp
h:\ittest\src\gameobjects\gameactors\characters\antelope.cpp(1): fatal error C1083: No se puede abrir el archivo incluir: 'GameObjects\GameActors\Characters\Antelope.h': No such file or directory
  Generando código...
  Compilando...
  Flag.cpp
h:\ittest\src\gameobjects\flag.cpp(1): fatal error C1083: No se puede abrir el archivo incluir: 'GameObjects\Flag.h': No such file or directory
  GameManager.cpp
h:\ittest\src\gamemanager.cpp(1): fatal error C1083: No se puede abrir el archivo incluir: 'gameManager.h': No such file or directory
  Generando código...
  Compilando...
  Main.cpp
h:\ittest\src\main.cpp(3): fatal error C1083: No se puede abrir el archivo incluir: 'gameManager.h': No such file or directory
  Generando código...
